#
# A fatal error has been detected by the Java Runtime Environment:
#
#  EXCEPTION_ACCESS_VIOLATION (0xc0000005) at pc=0x73295fee, pid=8260, tid=0x00001694
#
# JRE version: Java(TM) SE Runtime Environment (8.0_111-b14) (build 1.8.0_111-b14)
# Java VM: Java HotSpot(TM) Client VM (25.111-b14 mixed mode windows-x86 )
# Problematic frame:
# V  [jvm.dll+0xe5fee]
#
# Failed to write core dump. Minidumps are not enabled by default on client versions of Windows
#
# If you would like to submit a bug report, please visit:
#   http://bugreport.java.com/bugreport/crash.jsp
#

---------------  T H R E A D  ---------------

Current thread (0x26e88800):  JavaThread "EventThread COM3" [_thread_in_vm, id=5780, stack(0x00d90000,0x00de0000)]

siginfo: ExceptionCode=0xc0000005, reading address 0x00000000

Registers:
EAX=0x00000000, EBX=0x0092e400, ECX=0x26e88800, EDX=0x0000009f
ESP=0x00ddb9ac, EBP=0x00ddb9c8, ESI=0x00000000, EDI=0x26e88800
EIP=0x73295fee, EFLAGS=0x00010246

Top of Stack: (sp=0x00ddb9ac)
0x00ddb9ac:   00ddb9e4 26e88940 0092e400 26e88800
0x00ddb9bc:   26ce6d54 0000009f 73491020 00ddfa28
0x00ddb9cc:   6400183d 26e88940 00000000 00000000
0x00ddb9dc:   00004000 00ddb9e4 300a0d30 0a0d3020
0x00ddb9ec:   0d302030 3020300a 20300a0d 300a0d30
0x00ddb9fc:   0a0d3020 0d302030 3020300a 20300a0d
0x00ddba0c:   300a0d30 0a0d3020 0d302030 3020300a
0x00ddba1c:   20300a0d 300a0d30 0a0d3020 0d302030 

Instructions: (pc=0x73295fee)
0x73295fce:   c4 08 83 7f 04 00 89 7d f0 c7 45 f4 00 00 00 00
0x73295fde:   74 08 8d 4d f0 e8 58 1d 0c 00 8b 75 10 8b 45 0c
0x73295fee:   8b 10 85 f6 78 32 8b 45 14 85 c0 78 2b 8d 0c 06
0x73295ffe:   3b 4a 08 77 23 85 c0 7e 3b 8b 4a 04 8b 49 04 83 


Register to memory mapping:

EAX=0x00000000 is an unknown value
EBX=0x0092e400 is an unknown value
ECX=0x26e88800 is a thread
EDX=0x0000009f is an unknown value
ESP=0x00ddb9ac is pointing into the stack for thread: 0x26e88800
EBP=0x00ddb9c8 is pointing into the stack for thread: 0x26e88800
ESI=0x00000000 is an unknown value
EDI=0x26e88800 is a thread


Stack: [0x00d90000,0x00de0000],  sp=0x00ddb9ac,  free space=302k
Native frames: (J=compiled Java code, j=interpreted, Vv=VM code, C=native code)
V  [jvm.dll+0xe5fee]
C  [jSSC-2.8_x86.dll+0x183d]
J 2807  jssc.SerialNativeInterface.readBytes(JI)[B (0 bytes) @ 0x02ab2ee5 [0x02ab2e50+0x95]
J 5190 C1 processing.app.Serial.serialEvent(Ljssc/SerialPortEvent;)V (195 bytes) @ 0x02c88cf4 [0x02c88bc0+0x134]
J 3376 C1 jssc.SerialPort$EventThread.run()V (84 bytes) @ 0x02c23fcc [0x02c23e70+0x15c]
v  ~StubRoutines::call_stub
V  [jvm.dll+0x15a895]
V  [jvm.dll+0x220bfe]
V  [jvm.dll+0x15a92e]
V  [jvm.dll+0x15aab6]
V  [jvm.dll+0x15ab27]
V  [jvm.dll+0xfef8f]
V  [jvm.dll+0x17d6f0]
V  [jvm.dll+0x17df6a]
V  [jvm.dll+0x1c29c6]
C  [msvcr100.dll+0x5c556]
C  [msvcr100.dll+0x5c600]
C  [KERNEL32.DLL+0x162c4]
C  [ntdll.dll+0x60fd9]
C  [ntdll.dll+0x60fa4]
C  0x00000000

Java frames: (J=compiled Java code, j=interpreted, Vv=VM code)
J 2807  jssc.SerialNativeInterface.readBytes(JI)[B (0 bytes) @ 0x02ab2ea1 [0x02ab2e50+0x51]
J 5190 C1 processing.app.Serial.serialEvent(Ljssc/SerialPortEvent;)V (195 bytes) @ 0x02c88cf4 [0x02c88bc0+0x134]
J 3376 C1 jssc.SerialPort$EventThread.run()V (84 bytes) @ 0x02c23fcc [0x02c23e70+0x15c]
v  ~StubRoutines::call_stub

---------------  P R O C E S S  ---------------

Java Threads: ( => current thread )
  0x26e8a400 JavaThread "Thread-98" [_thread_blocked, id=8800, stack(0x02880000,0x028d0000)]
=>0x26e88800 JavaThread "EventThread COM3" [_thread_in_vm, id=5780, stack(0x00d90000,0x00de0000)]
  0x26e83800 JavaThread "DestroyJavaVM" [_thread_blocked, id=7052, stack(0x022f0000,0x02340000)]
  0x26e87c00 JavaThread "TimerQueue" daemon [_thread_blocked, id=9784, stack(0x28af0000,0x28b40000)]
  0x26e87000 JavaThread "AWT-EventQueue-0" [_thread_blocked, id=9084, stack(0x28370000,0x283c0000)]
  0x26e83c00 JavaThread "AWT-Shutdown" [_thread_blocked, id=6956, stack(0x282e0000,0x28330000)]
  0x26bf7400 JavaThread "Batik CleanerThread" daemon [_thread_blocked, id=7396, stack(0x27fc0000,0x28010000)]
  0x26bf8000 JavaThread "Timer-0" [_thread_blocked, id=7240, stack(0x27bb0000,0x27c00000)]
  0x26bf7000 JavaThread "JmDNS(fe80-0-0-0-14f2-7f98-389f-d954-wlan0.local.).State.Timer" daemon [_thread_blocked, id=4228, stack(0x27b20000,0x27b70000)]
  0x26bf7c00 JavaThread "JmDNS(fe80-0-0-0-14f2-7f98-389f-d954-wlan0.local.).Timer" daemon [_thread_blocked, id=4184, stack(0x27a90000,0x27ae0000)]
  0x26bbd800 JavaThread "SocketListener(fe80-0-0-0-14f2-7f98-389f-d954-wlan0.local.)" daemon [_thread_in_native, id=6216, stack(0x27a00000,0x27a50000)]
  0x26bcdc00 JavaThread "JmDNS(10-105-166-53.local.).State.Timer" daemon [_thread_blocked, id=2968, stack(0x278e0000,0x27930000)]
  0x26bcd400 JavaThread "JmDNS(10-105-166-53.local.).Timer" daemon [_thread_blocked, id=5456, stack(0x27810000,0x27860000)]
  0x26ba2000 JavaThread "SocketListener(10-105-166-53.local.)" daemon [_thread_in_native, id=5944, stack(0x27780000,0x277d0000)]
  0x26ba1800 JavaThread "Multihomed mDNS.Timer" daemon [_thread_blocked, id=2992, stack(0x275e0000,0x27630000)]
  0x26ba0c00 JavaThread "cc.arduino.packages.discoverers.serial.SerialBoardsLister" [_thread_blocked, id=6160, stack(0x25d40000,0x25d90000)]
  0x258fb400 JavaThread "AWT-Windows" daemon [_thread_blocked, id=3456, stack(0x25dd0000,0x25e20000)]
  0x258fa400 JavaThread "Java2D Disposer" daemon [_thread_blocked, id=9200, stack(0x25cb0000,0x25d00000)]
  0x24fd2c00 JavaThread "Service Thread" daemon [_thread_blocked, id=8664, stack(0x255a0000,0x255f0000)]
  0x24fdc800 JavaThread "C1 CompilerThread0" daemon [_thread_blocked, id=10152, stack(0x25510000,0x25560000)]
  0x24fdb400 JavaThread "Attach Listener" daemon [_thread_blocked, id=564, stack(0x25480000,0x254d0000)]
  0x24fd7400 JavaThread "Signal Dispatcher" daemon [_thread_blocked, id=4304, stack(0x253f0000,0x25440000)]
  0x24fba000 JavaThread "Finalizer" daemon [_thread_blocked, id=7876, stack(0x25270000,0x252c0000)]
  0x24fa4400 JavaThread "Reference Handler" daemon [_thread_blocked, id=6128, stack(0x251e0000,0x25230000)]

Other Threads:
  0x00d4d800 VMThread [stack: 0x24f50000,0x24fa0000] [id=10016]
  0x24fd6000 WatcherThread [stack: 0x25630000,0x25680000] [id=7208]

VM state:synchronizing (normal execution)

VM Mutex/Monitor currently owned by a thread:  ([mutex/lock_event])
[0x00e1c360] Threads_lock - owner thread: 0x00d4d800
[0x00e1c430] Heap_lock - owner thread: 0x26e87000

Heap:
 def new generation   total 157248K, used 157248K [0x04a00000, 0x0f4a0000, 0x0f4a0000)
  eden space 139776K, 100% used [0x04a00000, 0x0d280000, 0x0d280000)
  from space 17472K, 100% used [0x0e390000, 0x0f4a0000, 0x0f4a0000)
  to   space 17472K,   0% used [0x0d280000, 0x0d280000, 0x0e390000)
 tenured generation   total 349568K, used 349567K [0x0f4a0000, 0x24a00000, 0x24a00000)
   the space 349568K,  99% used [0x0f4a0000, 0x249ffff8, 0x24a00000, 0x24a00000)
 Metaspace       used 18997K, capacity 19415K, committed 19584K, reserved 19840K

Card table byte_map: [0x048e0000,0x049f0000] byte_map_base: 0x048bb000

Polling page: 0x00910000

CodeCache: size=32768Kb used=2362Kb max_used=4363Kb free=30405Kb
 bounds [0x028e0000, 0x02d28000, 0x048e0000]
 total_blobs=1412 nmethods=1135 adapters=205
 compilation: enabled

Compilation events (10 events):
Event: 1995.435 Thread 0x24fdc800 7098             java.util.concurrent.locks.ReentrantLock$Sync::newCondition (9 bytes)
Event: 1995.436 Thread 0x24fdc800 nmethod 7098 0x02d0dc88 code [0x02d0dd80, 0x02d0de50]
Event: 1995.436 Thread 0x24fdc800 7099             java.util.concurrent.locks.AbstractQueuedSynchronizer$ConditionObject::<init> (10 bytes)
Event: 1995.436 Thread 0x24fdc800 nmethod 7099 0x02b46808 code [0x02b46900, 0x02b46990]
Event: 1995.463 Thread 0x24fdc800 7100             javax.swing.plaf.basic.BasicTextUI::getVisibleEditorRect (106 bytes)
Event: 1995.464 Thread 0x24fdc800 nmethod 7100 0x02d0d888 code [0x02d0d9a0, 0x02d0db38]
Event: 1995.466 Thread 0x24fdc800 7101             java.util.IdentityHashMap$KeyIterator::<init> (6 bytes)
Event: 1995.467 Thread 0x24fdc800 nmethod 7101 0x02a89b08 code [0x02a89c00, 0x02a89c9c]
Event: 1995.467 Thread 0x24fdc800 7102             java.util.IdentityHashMap$KeyIterator::<init> (12 bytes)
Event: 1995.467 Thread 0x24fdc800 nmethod 7102 0x02d1eb88 code [0x02d1ec80, 0x02d1ed1c]

GC Heap History (10 events):
Event: 2013.138 GC heap before
{Heap before GC invocations=73 (full 36):
 def new generation   total 157248K, used 157247K [0x04a00000, 0x0f4a0000, 0x0f4a0000)
  eden space 139776K, 100% used [0x04a00000, 0x0d280000, 0x0d280000)
  from space 17472K,  99% used [0x0e390000, 0x0f49ff90, 0x0f4a0000)
  to   space 17472K,   0% used [0x0d280000, 0x0d280000, 0x0e390000)
 tenured generation   total 349568K, used 349567K [0x0f4a0000, 0x24a00000, 0x24a00000)
   the space 349568K,  99% used [0x0f4a0000, 0x249fffe8, 0x24a00000, 0x24a00000)
 Metaspace       used 18997K, capacity 19415K, committed 19584K, reserved 19840K
Event: 2014.671 GC heap after
Heap after GC invocations=74 (full 37):
 def new generation   total 157248K, used 157245K [0x04a00000, 0x0f4a0000, 0x0f4a0000)
  eden space 139776K, 100% used [0x04a00000, 0x0d280000, 0x0d280000)
  from space 17472K,  99% used [0x0e390000, 0x0f49f600, 0x0f4a0000)
  to   space 17472K,   0% used [0x0d280000, 0x0d280000, 0x0e390000)
 tenured generation   total 349568K, used 349567K [0x0f4a0000, 0x24a00000, 0x24a00000)
   the space 349568K,  99% used [0x0f4a0000, 0x249fffe8, 0x24a00000, 0x24a00000)
 Metaspace       used 18997K, capacity 19415K, committed 19584K, reserved 19840K
}
Event: 2014.671 GC heap before
{Heap before GC invocations=74 (full 37):
 def new generation   total 157248K, used 157247K [0x04a00000, 0x0f4a0000, 0x0f4a0000)
  eden space 139776K, 100% used [0x04a00000, 0x0d280000, 0x0d280000)
  from space 17472K,  99% used [0x0e390000, 0x0f49fff8, 0x0f4a0000)
  to   space 17472K,   0% used [0x0d280000, 0x0d280000, 0x0e390000)
 tenured generation   total 349568K, used 349567K [0x0f4a0000, 0x24a00000, 0x24a00000)
   the space 349568K,  99% used [0x0f4a0000, 0x249fffe8, 0x24a00000, 0x24a00000)
 Metaspace       used 18997K, capacity 19415K, committed 19584K, reserved 19840K
Event: 2016.216 GC heap after
Heap after GC invocations=75 (full 38):
 def new generation   total 157248K, used 157245K [0x04a00000, 0x0f4a0000, 0x0f4a0000)
  eden space 139776K, 100% used [0x04a00000, 0x0d280000, 0x0d280000)
  from space 17472K,  99% used [0x0e390000, 0x0f49f640, 0x0f4a0000)
  to   space 17472K,   0% used [0x0d280000, 0x0d280000, 0x0e390000)
 tenured generation   total 349568K, used 349567K [0x0f4a0000, 0x24a00000, 0x24a00000)
   the space 349568K,  99% used [0x0f4a0000, 0x249fffe8, 0x24a00000, 0x24a00000)
 Metaspace       used 18997K, capacity 19415K, committed 19584K, reserved 19840K
}
Event: 2016.216 GC heap before
{Heap before GC invocations=75 (full 38):
 def new generation   total 157248K, used 157247K [0x04a00000, 0x0f4a0000, 0x0f4a0000)
  eden space 139776K, 100% used [0x04a00000, 0x0d280000, 0x0d280000)
  from space 17472K,  99% used [0x0e390000, 0x0f49ffa0, 0x0f4a0000)
  to   space 17472K,   0% used [0x0d280000, 0x0d280000, 0x0e390000)
 tenured generation   total 349568K, used 349567K [0x0f4a0000, 0x24a00000, 0x24a00000)
   the space 349568K,  99% used [0x0f4a0000, 0x249fffe8, 0x24a00000, 0x24a00000)
 Metaspace       used 18997K, capacity 19415K, committed 19584K, reserved 19840K
Event: 2017.855 GC heap after
Heap after GC invocations=76 (full 39):
 def new generation   total 157248K, used 157245K [0x04a00000, 0x0f4a0000, 0x0f4a0000)
  eden space 139776K, 100% used [0x04a00000, 0x0d280000, 0x0d280000)
  from space 17472K,  99% used [0x0e390000, 0x0f49f720, 0x0f4a0000)
  to   space 17472K,   0% used [0x0d280000, 0x0d280000, 0x0e390000)
 tenured generation   total 349568K, used 349567K [0x0f4a0000, 0x24a00000, 0x24a00000)
   the space 349568K,  99% used [0x0f4a0000, 0x249fffe8, 0x24a00000, 0x24a00000)
 Metaspace       used 18997K, capacity 19415K, committed 19584K, reserved 19840K
}
Event: 2017.855 GC heap before
{Heap before GC invocations=76 (full 39):
 def new generation   total 157248K, used 157247K [0x04a00000, 0x0f4a0000, 0x0f4a0000)
  eden space 139776K, 100% used [0x04a00000, 0x0d280000, 0x0d280000)
  from space 17472K,  99% used [0x0e390000, 0x0f49fc60, 0x0f4a0000)
  to   space 17472K,   0% used [0x0d280000, 0x0d280000, 0x0e390000)
 tenured generation   total 349568K, used 349567K [0x0f4a0000, 0x24a00000, 0x24a00000)
   the space 349568K,  99% used [0x0f4a0000, 0x249fffe8, 0x24a00000, 0x24a00000)
 Metaspace       used 18997K, capacity 19415K, committed 19584K, reserved 19840K
Event: 2019.393 GC heap after
Heap after GC invocations=77 (full 40):
 def new generation   total 157248K, used 157233K [0x04a00000, 0x0f4a0000, 0x0f4a0000)
  eden space 139776K, 100% used [0x04a00000, 0x0d280000, 0x0d280000)
  from space 17472K,  99% used [0x0e390000, 0x0f49c610, 0x0f4a0000)
  to   space 17472K,   0% used [0x0d280000, 0x0d280000, 0x0e390000)
 tenured generation   total 349568K, used 349567K [0x0f4a0000, 0x24a00000, 0x24a00000)
   the space 349568K,  99% used [0x0f4a0000, 0x249fffe8, 0x24a00000, 0x24a00000)
 Metaspace       used 18997K, capacity 19415K, committed 19584K, reserved 19840K
}
Event: 2019.393 GC heap before
{Heap before GC invocations=77 (full 40):
 def new generation   total 157248K, used 157233K [0x04a00000, 0x0f4a0000, 0x0f4a0000)
  eden space 139776K, 100% used [0x04a00000, 0x0d280000, 0x0d280000)
  from space 17472K,  99% used [0x0e390000, 0x0f49c610, 0x0f4a0000)
  to   space 17472K,   0% used [0x0d280000, 0x0d280000, 0x0e390000)
 tenured generation   total 349568K, used 349567K [0x0f4a0000, 0x24a00000, 0x24a00000)
   the space 349568K,  99% used [0x0f4a0000, 0x249fffe8, 0x24a00000, 0x24a00000)
 Metaspace       used 18997K, capacity 19415K, committed 19584K, reserved 19840K
Event: 2020.587 GC heap after
Heap after GC invocations=78 (full 41):
 def new generation   total 157248K, used 157233K [0x04a00000, 0x0f4a0000, 0x0f4a0000)
  eden space 139776K, 100% used [0x04a00000, 0x0d280000, 0x0d280000)
  from space 17472K,  99% used [0x0e390000, 0x0f49c610, 0x0f4a0000)
  to   space 17472K,   0% used [0x0d280000, 0x0d280000, 0x0e390000)
 tenured generation   total 349568K, used 349567K [0x0f4a0000, 0x24a00000, 0x24a00000)
   the space 349568K,  99% used [0x0f4a0000, 0x249fffe8, 0x24a00000, 0x24a00000)
 Metaspace       used 18997K, capacity 19415K, committed 19584K, reserved 19840K
}

Deoptimization events (0 events):
No events

Internal exceptions (10 events):
Event: 1458.847 Thread 0x26e88400 Exception <a 'sun/nio/fs/WindowsException'> (0x04cd9148) thrown at [C:\re\workspace\8-2-build-windows-i586-cygwin\jdk8u111\7883\hotspot\src\share\vm\prims\jni.cpp, line 709]
Event: 1458.868 Thread 0x26e88400 Exception <a 'sun/nio/fs/WindowsException'> (0x04ce54c8) thrown at [C:\re\workspace\8-2-build-windows-i586-cygwin\jdk8u111\7883\hotspot\src\share\vm\prims\jni.cpp, line 709]
Event: 1458.868 Thread 0x26e88400 Exception <a 'sun/nio/fs/WindowsException'> (0x04ce5b10) thrown at [C:\re\workspace\8-2-build-windows-i586-cygwin\jdk8u111\7883\hotspot\src\share\vm\prims\jni.cpp, line 709]
Event: 1458.877 Thread 0x26e88400 Exception <a 'sun/nio/fs/WindowsException'> (0x04cf18d0) thrown at [C:\re\workspace\8-2-build-windows-i586-cygwin\jdk8u111\7883\hotspot\src\share\vm\prims\jni.cpp, line 709]
Event: 1458.878 Thread 0x26e88400 Exception <a 'sun/nio/fs/WindowsException'> (0x04cf1ec8) thrown at [C:\re\workspace\8-2-build-windows-i586-cygwin\jdk8u111\7883\hotspot\src\share\vm\prims\jni.cpp, line 709]
Event: 1458.887 Thread 0x26e88400 Exception <a 'sun/nio/fs/WindowsException'> (0x04cfd808) thrown at [C:\re\workspace\8-2-build-windows-i586-cygwin\jdk8u111\7883\hotspot\src\share\vm\prims\jni.cpp, line 709]
Event: 1458.888 Thread 0x26e88400 Exception <a 'sun/nio/fs/WindowsException'> (0x04cfdea0) thrown at [C:\re\workspace\8-2-build-windows-i586-cygwin\jdk8u111\7883\hotspot\src\share\vm\prims\jni.cpp, line 709]
Event: 1460.294 Thread 0x26e85c00 Exception <a 'java/lang/InterruptedException': sleep interrupted> (0x04de0600) thrown at [C:\re\workspace\8-2-build-windows-i586-cygwin\jdk8u111\7883\hotspot\src\share\vm\prims\jvm.cpp, line 3224]
Event: 1582.056 Thread 0x26e85c00 Exception <a 'java/lang/InterruptedException': sleep interrupted> (0x08c278f8) thrown at [C:\re\workspace\8-2-build-windows-i586-cygwin\jdk8u111\7883\hotspot\src\share\vm\prims\jvm.cpp, line 3224]
Event: 2020.588 Thread 0x26e88800 Exception <a 'java/lang/OutOfMemoryError'> (0x0f533400) thrown at [C:\re\workspace\8-2-build-windows-i586-cygwin\jdk8u111\7883\hotspot\src\share\vm\gc_interface/collectedHeap.inline.hpp, line 159]

Events (10 events):
Event: 2011.547 Executing VM operation: GenCollectForAllocation
Event: 2013.137 Executing VM operation: GenCollectForAllocation done
Event: 2013.138 Executing VM operation: GenCollectForAllocation
Event: 2014.671 Executing VM operation: GenCollectForAllocation done
Event: 2014.671 Executing VM operation: GenCollectForAllocation
Event: 2016.216 Executing VM operation: GenCollectForAllocation done
Event: 2016.216 Executing VM operation: GenCollectForAllocation
Event: 2017.855 Executing VM operation: GenCollectForAllocation done
Event: 2017.855 Executing VM operation: GenCollectForAllocation
Event: 2020.588 Executing VM operation: GenCollectForAllocation done


Dynamic libraries:
0x00e70000 - 0x00ea3000 	C:\Program Files (x86)\Arduino\java\bin\javaw.exe
0x77590000 - 0x77713000 	C:\WINDOWS\SYSTEM32\ntdll.dll
0x74070000 - 0x74150000 	C:\WINDOWS\System32\KERNEL32.DLL
0x75a30000 - 0x75bd1000 	C:\WINDOWS\System32\KERNELBASE.dll
0x76750000 - 0x767c7000 	C:\WINDOWS\System32\ADVAPI32.dll
0x75ca0000 - 0x75d5e000 	C:\WINDOWS\System32\msvcrt.dll
0x742b0000 - 0x742f1000 	C:\WINDOWS\System32\sechost.dll
0x74580000 - 0x74641000 	C:\WINDOWS\System32\RPCRT4.dll
0x74050000 - 0x7406e000 	C:\WINDOWS\System32\SspiCli.dll
0x74040000 - 0x7404a000 	C:\WINDOWS\System32\CRYPTBASE.dll
0x773b0000 - 0x7740a000 	C:\WINDOWS\System32\bcryptPrimitives.dll
0x77430000 - 0x7758f000 	C:\WINDOWS\System32\USER32.dll
0x74300000 - 0x74315000 	C:\WINDOWS\System32\win32u.dll
0x74410000 - 0x7443b000 	C:\WINDOWS\System32\GDI32.dll
0x74150000 - 0x742ab000 	C:\WINDOWS\System32\gdi32full.dll
0x71560000 - 0x7176a000 	C:\WINDOWS\WinSxS\x86_microsoft.windows.common-controls_6595b64144ccf1df_6.0.14393.953_none_89c2555adb023171\COMCTL32.dll
0x75ef0000 - 0x76101000 	C:\WINDOWS\System32\combase.dll
0x76110000 - 0x761f0000 	C:\WINDOWS\System32\ucrtbase.dll
0x765a0000 - 0x765c5000 	C:\WINDOWS\System32\IMM32.DLL
0x73a90000 - 0x73b4f000 	C:\Program Files (x86)\Arduino\java\bin\msvcr100.dll
0x731b0000 - 0x7357d000 	C:\Program Files (x86)\Arduino\java\bin\client\jvm.dll
0x76460000 - 0x76466000 	C:\WINDOWS\System32\PSAPI.DLL
0x6ecd0000 - 0x6ecf4000 	C:\WINDOWS\SYSTEM32\WINMM.dll
0x71a70000 - 0x71a78000 	C:\WINDOWS\SYSTEM32\WSOCK32.dll
0x70c90000 - 0x70c98000 	C:\WINDOWS\SYSTEM32\VERSION.dll
0x761f0000 - 0x76253000 	C:\WINDOWS\System32\WS2_32.dll
0x6eca0000 - 0x6ecc3000 	C:\WINDOWS\SYSTEM32\WINMMBASE.dll
0x765d0000 - 0x76606000 	C:\WINDOWS\System32\cfgmgr32.dll
0x73a50000 - 0x73a81000 	C:\Program Files (x86)\Arduino\java\bin\splashscreen.dll
0x71f70000 - 0x71fe5000 	C:\WINDOWS\system32\uxtheme.dll
0x73f50000 - 0x73f5c000 	C:\Program Files (x86)\Arduino\java\bin\verify.dll
0x73a20000 - 0x73a41000 	C:\Program Files (x86)\Arduino\java\bin\java.dll
0x76610000 - 0x76745000 	C:\WINDOWS\System32\MSCTF.dll
0x75bf0000 - 0x75c84000 	C:\WINDOWS\System32\OLEAUT32.dll
0x76520000 - 0x7659b000 	C:\WINDOWS\System32\msvcp_win.dll
0x73a00000 - 0x73a13000 	C:\Program Files (x86)\Arduino\java\bin\zip.dll
0x76260000 - 0x7626d000 	C:\WINDOWS\System32\kernel.appcore.dll
0x74650000 - 0x75a28000 	C:\WINDOWS\System32\SHELL32.dll
0x767d0000 - 0x76d3e000 	C:\WINDOWS\System32\windows.storage.dll
0x75df0000 - 0x75e35000 	C:\WINDOWS\System32\powrprof.dll
0x74530000 - 0x74576000 	C:\WINDOWS\System32\shlwapi.dll
0x74380000 - 0x74408000 	C:\WINDOWS\System32\shcore.dll
0x76270000 - 0x7627f000 	C:\WINDOWS\System32\profapi.dll
0x61940000 - 0x619b2000 	C:\Program Files (x86)\Arduino\lib\listSerialsj.dll
0x76fa0000 - 0x773ab000 	C:\WINDOWS\System32\SETUPAPI.dll
0x71a50000 - 0x71a63000 	C:\WINDOWS\SYSTEM32\CRYPTSP.dll
0x71a20000 - 0x71a4f000 	C:\WINDOWS\system32\rsaenh.dll
0x73f20000 - 0x73f3b000 	C:\WINDOWS\SYSTEM32\bcrypt.dll
0x70510000 - 0x7052a000 	C:\WINDOWS\SYSTEM32\USERENV.dll
0x739e0000 - 0x739f6000 	C:\Program Files (x86)\Arduino\java\bin\net.dll
0x70ab0000 - 0x70afe000 	C:\WINDOWS\system32\mswsock.dll
0x70a80000 - 0x70aaf000 	C:\WINDOWS\SYSTEM32\IPHLPAPI.DLL
0x75e40000 - 0x75e47000 	C:\WINDOWS\System32\NSI.dll
0x6ea80000 - 0x6ea93000 	C:\WINDOWS\SYSTEM32\dhcpcsvc6.DLL
0x6ea60000 - 0x6ea74000 	C:\WINDOWS\SYSTEM32\dhcpcsvc.DLL
0x73f40000 - 0x73f4f000 	C:\Program Files (x86)\Arduino\java\bin\nio.dll
0x739c0000 - 0x739dd000 	C:\Users\Heath\AppData\Local\Temp\jna-69599320\jna3308147606802957125.dll
0x76eb0000 - 0x76f9b000 	C:\WINDOWS\System32\Ole32.dll
0x73870000 - 0x739b6000 	C:\Program Files (x86)\Arduino\java\bin\awt.dll
0x73640000 - 0x736d2000 	C:\WINDOWS\SYSTEM32\apphelp.dll
0x70470000 - 0x7048f000 	C:\WINDOWS\system32\dwmapi.dll
0x73830000 - 0x73869000 	C:\Program Files (x86)\Arduino\java\bin\fontmanager.dll
0x737a0000 - 0x737d2000 	C:\Program Files (x86)\Arduino\java\bin\t2k.dll
0x73800000 - 0x73822000 	C:\WINDOWS\SYSTEM32\DEVOBJ.dll
0x764d0000 - 0x76514000 	C:\WINDOWS\System32\WINTRUST.dll
0x75be0000 - 0x75bee000 	C:\WINDOWS\System32\MSASN1.dll
0x762e0000 - 0x7645d000 	C:\WINDOWS\System32\CRYPT32.dll
0x6ee00000 - 0x6ee7d000 	C:\WINDOWS\SYSTEM32\DNSAPI.dll
0x6e9a0000 - 0x6e9c1000 	C:\Program Files (x86)\Bonjour\mdnsNSP.dll
0x6e990000 - 0x6e998000 	C:\Windows\System32\rasadhlp.dll
0x73730000 - 0x73799000 	C:\Program Files (x86)\Arduino\msvcp100.dll
0x730f0000 - 0x731ae000 	C:\Program Files (x86)\Arduino\msvcr100.dll
0x27d00000 - 0x27d32000 	C:\Program Files (x86)\Arduino\lib\AStylej.dll
0x730c0000 - 0x730e4000 	C:\Program Files (x86)\Arduino\java\bin\dcpr.dll
0x75d60000 - 0x75de4000 	C:\WINDOWS\System32\clbcatq.dll
0x72f50000 - 0x730be000 	C:\WINDOWS\SYSTEM32\WindowsCodecs.dll
0x72f00000 - 0x72f44000 	C:\WINDOWS\system32\dataexchange.dll
0x72cd0000 - 0x72f00000 	C:\WINDOWS\system32\d3d11.dll
0x72bb0000 - 0x72cc3000 	C:\WINDOWS\system32\dcomp.dll
0x72b20000 - 0x72ba3000 	C:\WINDOWS\system32\dxgi.dll
0x73e20000 - 0x73f11000 	C:\WINDOWS\system32\twinapi.appcore.dll
0x6e7a0000 - 0x6e7e9000 	C:\WINDOWS\System32\fwpuclnt.dll
0x64000000 - 0x6401b000 	C:\Users\Heath\.jssc\windows\jSSC-2.8_x86.dll
0x70570000 - 0x706b5000 	C:\WINDOWS\SYSTEM32\dbghelp.dll

VM Arguments:
jvm_args: -Dsun.java2d.d3d=false -Djna.nosys=true -DAPP_DIR=C:\Program Files (x86)\Arduino -Xms128M -Xmx512M 
java_command: processing.app.Base C:\Users\Heath\Documents\School\NUDC\DC-2017\vive_code\vive_code\vive_hunted\vive_hunted.ino
java_class_path (initial): C:\Program Files (x86)\Arduino\lib\apple.jar;C:\Program Files (x86)\Arduino\lib\arduino-core.jar;C:\Program Files (x86)\Arduino\lib\batik-1.8.jar;C:\Program Files (x86)\Arduino\lib\batik-anim-1.8.jar;C:\Program Files (x86)\Arduino\lib\batik-awt-util-1.8.jar;C:\Program Files (x86)\Arduino\lib\batik-bridge-1.8.jar;C:\Program Files (x86)\Arduino\lib\batik-codec-1.8.jar;C:\Program Files (x86)\Arduino\lib\batik-css-1.8.jar;C:\Program Files (x86)\Arduino\lib\batik-dom-1.8.jar;C:\Program Files (x86)\Arduino\lib\batik-ext-1.8.jar;C:\Program Files (x86)\Arduino\lib\batik-gvt-1.8.jar;C:\Program Files (x86)\Arduino\lib\batik-parser-1.8.jar;C:\Program Files (x86)\Arduino\lib\batik-rasterizer-1.8.jar;C:\Program Files (x86)\Arduino\lib\batik-script-1.8.jar;C:\Program Files (x86)\Arduino\lib\batik-squiggle-1.8.jar;C:\Program Files (x86)\Arduino\lib\batik-svg-dom-1.8.jar;C:\Program Files (x86)\Arduino\lib\batik-svgpp-1.8.jar;C:\Program Files (x86)\Arduino\lib\batik-transcoder-1.8.jar;C:\Program Files (x86)\Arduino\lib\batik-util-1.8.jar;C:\Program Files (x86)\Arduino\lib\batik-xml-1.8.jar;C:\Program Files (x86)\Arduino\lib\bcpg-jdk15on-152.jar;C:\Program Files (x86)\Arduino\lib\bcprov-jdk15on-152.jar;C:\Program Files (x86)\Arduino\lib\commons-codec-1.7.jar;C:\Program Files (x86)\Arduino\lib\commons-compress-1.8.jar;C:\Program Files (x86)\Arduino\lib\commons-exec-1.1.jar;C:\Program Files (x86)\Arduino\lib\commons-httpclient-3.1.jar;C:\Program Files (x86)\Arduino\lib\commons-lang3-3.3.2.jar;C:\Program Files (x86)\Arduino\lib\commons-logging-1.0.4.jar;C:\Program Files (x86)\Arduino\lib\commons-net-3.3.jar;C:\Program Files (x86)\Arduino\lib\jackson-annotations-2.6.3.jar;C:\Program Files (x86)\Arduino\lib\jackson-core-2.6.3.jar;C:\Program Files (x86)\Arduino\lib\jackson-databind-2.6.3.jar;C:\Program Files (x86)\Arduino\lib\jackson-module-mrbean-2.6.3.jar;C:\Program Files (x86)\Arduino\lib\java-semver-0.8.0.jar;C:\Program Files (x86)\Arduino\lib\jmdns-3.5.1.j
Launcher Type: SUN_STANDARD

Environment Variables:
PATH=C:\\Python27\;C:\Python27\Scripts;C:\ProgramData\Oracle\Java\javapath;C:\Program Files (x86)\Intel\iCLS Client\;C:\Program Files\Intel\iCLS Client\;C:\WINDOWS\system32;C:\WINDOWS;C:\WINDOWS\System32\Wbem;C:\WINDOWS\System32\WindowsPowerShell\v1.0\;C:\Program Files (x86)\Intel\Intel(R) Management Engine Components\DAL;C:\Program Files\Intel\Intel(R) Management Engine Components\DAL;C:\Program Files (x86)\Intel\Intel(R) Management Engine Components\IPT;C:\Program Files\Intel\Intel(R) Management Engine Components\IPT;C:\Program Files\Intel\WiFi\bin\;C:\Program Files\Common Files\Intel\WirelessCommon\;C:\Users\Heath\AppData\Local\Microsoft\WindowsApps;C:/Python27/python.exe;C:\Program Files (x86)\Arduino\java\bin
USERNAME=Heath
OS=Windows_NT
PROCESSOR_IDENTIFIER=Intel64 Family 6 Model 78 Stepping 3, GenuineIntel



---------------  S Y S T E M  ---------------

OS: Windows 10.0 , 64 bit Build 14393 (10.0.14393.0)

CPU:total 4 (2 cores per cpu, 2 threads per core) family 6 model 78 stepping 3, cmov, cx8, fxsr, mmx, sse, sse2, sse3, ssse3, sse4.1, sse4.2, popcnt, avx, avx2, aes, clmul, erms, 3dnowpref, lzcnt, ht, tsc, tscinvbit, bmi1, bmi2, adx

Memory: 4k page, physical 8276896k(5394160k free), swap 9587616k(6414644k free)

vm_info: Java HotSpot(TM) Client VM (25.111-b14) for windows-x86 JRE (1.8.0_111-b14), built on Sep 22 2016 18:54:33 by "java_re" with MS VC++ 10.0 (VS2010)

time: Thu May 11 17:19:24 2017
elapsed time: 2020 seconds (0d 0h 33m 40s)

